START OF LOG
player on port 52968
background bot mode
OK message received: OK C
GRID message received: GRID 5 15
GOLD message received: GOLD 0 0 26
GOLD message received: GOLD 1 1 25
GOLD message received: GOLD 1 2 24
GOLD message received: GOLD 0 2 23
GOLD message received: GOLD 1 3 22
GOLD message received: GOLD 0 3 21
GOLD message received: GOLD 0 3 20
GOLD message received: GOLD 0 3 19
GOLD message received: GOLD 1 4 18
GOLD message received: GOLD 0 4 17
GOLD message received: GOLD 0 4 16
GOLD message received: GOLD 0 4 15
GOLD message received: GOLD 0 4 14
GOLD message received: GOLD 1 5 13
GOLD message received: GOLD 0 5 12
GOLD message received: GOLD 0 5 11
GOLD message received: GOLD 0 5 10
GOLD message received: GOLD 0 5 9
GOLD message received: GOLD 0 5 8
GOLD message received: GOLD 1 6 7
GOLD message received: GOLD 0 6 6
GOLD message received: GOLD 1 7 5
GOLD message received: GOLD 1 8 4
GOLD message received: GOLD 1 9 3
GOLD message received: GOLD 0 9 2
GOLD message received: GOLD 1 10 1
GOLD message received: GOLD 0 10 0
QUIT message received: QUIT GAME OVER:
A  173 botbg
B   55 botbg
C   10 botbg
D   10 botbg
E    2 botbg

END OF LOG
